<?xml version="1.0" encoding="UTF-8"?>
<!-- Generated by org.testng.reporters.JUnitXMLReporter -->
<testsuite ignored="0" hostname="DESKTOP-H0PI4DT" failures="0" tests="3" name="Default test" time="21.892" errors="0" timestamp="2022-04-25T12:40:18 IST">
  <testcase classname="tests.LoginTest" name="login_userName_password_blank_tc_01" time="0.152"/>
  <testcase classname="tests.LoginTest" name="login_userNameAdmin_password_blank_tc_02" time="0.3"/>
  <testcase classname="tests.LoginTest" name="login_userNameAdmin_password_Demo_tc_03" time="1.63"/>
</testsuite> <!-- Default test -->
