<?xml version="1.0" encoding="UTF-8"?>
<!-- Generated by org.testng.reporters.JUnitXMLReporter -->
<testsuite ignored="0" hostname="DESKTOP-H0PI4DT" failures="1" tests="3" name="Test" time="18.482" errors="0" timestamp="2022-04-25T11:50:14 IST">
  <testcase classname="tests.LoginTest" name="login_userName_password_blank_tc_01" time="0.177"/>
  <testcase classname="tests.LoginTest" name="login_userNameAdmin_password_blank_tc_02" time="0.198"/>
  <testcase classname="tests.LoginTest" name="login_userNameAdmin_password_Demo_tc_03" time="1.892">
    <failure type="java.lang.AssertionError" message="expected [Username cannot be empty] but found [Invalid credentials]">
      <![CDATA[java.lang.AssertionError: expected [Username cannot be empty] but found [Invalid credentials]
at pages.LoginPage.verifyErroMessage(LoginPage.java:48)
at tests.LoginTest.login_userNameAdmin_password_Demo_tc_03(LoginTest.java:35)
at java.base/java.util.ArrayList.forEach(ArrayList.java:1511)
... Removed 32 stack frames]]>
    </failure>
  </testcase> <!-- login_userNameAdmin_password_Demo_tc_03 -->
</testsuite> <!-- Test -->
