<?xml version="1.0" encoding="UTF-8"?>
<testng-results skipped="0" failed="1" ignored="0" total="4" passed="3">
  <reporter-output>
  </reporter-output>
  <suite name="Suite" duration-ms="29568" started-at="2022-04-25T15:17:11 IST" finished-at="2022-04-25T15:17:40 IST">
    <groups>
    </groups>
    <test name="Test" duration-ms="29568" started-at="2022-04-25T15:17:11 IST" finished-at="2022-04-25T15:17:40 IST">
      <class name="tests.LoginTest">
        <test-method status="PASS" signature="launchApp()[pri:0, instance:tests.LoginTest@9629756]" name="launchApp" is-config="true" duration-ms="9948" started-at="2022-04-25T15:17:11 IST" finished-at="2022-04-25T15:17:21 IST">
          <reporter-output>
          </reporter-output>
        </test-method> <!-- launchApp -->
        <test-method status="PASS" signature="login_userName_password_blank_tc_01()[pri:1, instance:tests.LoginTest@9629756]" name="login_userName_password_blank_tc_01" duration-ms="160" started-at="2022-04-25T15:17:21 IST" finished-at="2022-04-25T15:17:21 IST">
          <reporter-output>
          </reporter-output>
        </test-method> <!-- login_userName_password_blank_tc_01 -->
        <test-method status="PASS" signature="delayAfterEachMethod()[pri:0, instance:tests.LoginTest@9629756]" name="delayAfterEachMethod" is-config="true" duration-ms="2005" started-at="2022-04-25T15:17:21 IST" finished-at="2022-04-25T15:17:23 IST">
          <reporter-output>
          </reporter-output>
        </test-method> <!-- delayAfterEachMethod -->
        <test-method status="PASS" signature="login_userNameAdmin_password_blank_tc_02()[pri:2, instance:tests.LoginTest@9629756]" name="login_userNameAdmin_password_blank_tc_02" duration-ms="497" started-at="2022-04-25T15:17:23 IST" finished-at="2022-04-25T15:17:24 IST">
          <reporter-output>
          </reporter-output>
        </test-method> <!-- login_userNameAdmin_password_blank_tc_02 -->
        <test-method status="PASS" signature="delayAfterEachMethod()[pri:0, instance:tests.LoginTest@9629756]" name="delayAfterEachMethod" is-config="true" duration-ms="2014" started-at="2022-04-25T15:17:24 IST" finished-at="2022-04-25T15:17:26 IST">
          <reporter-output>
          </reporter-output>
        </test-method> <!-- delayAfterEachMethod -->
        <test-method status="PASS" signature="login_userNameAdmin_password_Demo_tc_03()[pri:3, instance:tests.LoginTest@9629756]" name="login_userNameAdmin_password_Demo_tc_03" duration-ms="3549" started-at="2022-04-25T15:17:26 IST" finished-at="2022-04-25T15:17:29 IST">
          <reporter-output>
          </reporter-output>
        </test-method> <!-- login_userNameAdmin_password_Demo_tc_03 -->
        <test-method status="PASS" signature="delayAfterEachMethod()[pri:0, instance:tests.LoginTest@9629756]" name="delayAfterEachMethod" is-config="true" duration-ms="2002" started-at="2022-04-25T15:17:29 IST" finished-at="2022-04-25T15:17:31 IST">
          <reporter-output>
          </reporter-output>
        </test-method> <!-- delayAfterEachMethod -->
        <test-method status="FAIL" signature="login_validUserDetails_tc_04()[pri:4, instance:tests.LoginTest@9629756]" name="login_validUserDetails_tc_04" duration-ms="3139" started-at="2022-04-25T15:17:31 IST" finished-at="2022-04-25T15:17:34 IST">
          <exception class="org.openqa.selenium.NoSuchElementException">
            <message>
              <![CDATA[no such element: Unable to locate element: {"method":"css selector","selector":"h1"}
  (Session info: chrome=100.0.4896.127)
For documentation on this error, please visit: https://www.seleniumhq.org/exceptions/no_such_element.html
Build info: version: '3.141.59', revision: 'e82be7d358', time: '2018-11-14T08:17:03'
System info: host: 'DESKTOP-H0PI4DT', ip: '192.168.252.167', os.name: 'Windows 10', os.arch: 'amd64', os.version: '10.0', java.version: '1.8.0_231'
Driver info: org.openqa.selenium.chrome.ChromeDriver
Capabilities {acceptInsecureCerts: false, browserName: chrome, browserVersion: 100.0.4896.127, chrome: {chromedriverVersion: 100.0.4896.60 (6a5d10861ce8..., userDataDir: C:\Users\Act\AppData\Local\...}, goog:chromeOptions: {debuggerAddress: localhost:51316}, javascriptEnabled: true, networkConnectionEnabled: false, pageLoadStrategy: normal, platform: WINDOWS, platformName: WINDOWS, proxy: Proxy(), setWindowRect: true, strictFileInteractability: false, timeouts: {implicit: 0, pageLoad: 300000, script: 30000}, unhandledPromptBehavior: dismiss and notify, webauthn:extension:credBlob: true, webauthn:extension:largeBlob: true, webauthn:virtualAuthenticators: true}
Session ID: 6ae058ede848bd3b317fc472a157b22f
*** Element info: {Using=tag name, value=h1}]]>
            </message>
            <full-stacktrace>
              <![CDATA[org.openqa.selenium.NoSuchElementException: no such element: Unable to locate element: {"method":"css selector","selector":"h1"}
  (Session info: chrome=100.0.4896.127)
For documentation on this error, please visit: https://www.seleniumhq.org/exceptions/no_such_element.html
Build info: version: '3.141.59', revision: 'e82be7d358', time: '2018-11-14T08:17:03'
System info: host: 'DESKTOP-H0PI4DT', ip: '192.168.252.167', os.name: 'Windows 10', os.arch: 'amd64', os.version: '10.0', java.version: '1.8.0_231'
Driver info: org.openqa.selenium.chrome.ChromeDriver
Capabilities {acceptInsecureCerts: false, browserName: chrome, browserVersion: 100.0.4896.127, chrome: {chromedriverVersion: 100.0.4896.60 (6a5d10861ce8..., userDataDir: C:\Users\Act\AppData\Local\...}, goog:chromeOptions: {debuggerAddress: localhost:51316}, javascriptEnabled: true, networkConnectionEnabled: false, pageLoadStrategy: normal, platform: WINDOWS, platformName: WINDOWS, proxy: Proxy(), setWindowRect: true, strictFileInteractability: false, timeouts: {implicit: 0, pageLoad: 300000, script: 30000}, unhandledPromptBehavior: dismiss and notify, webauthn:extension:credBlob: true, webauthn:extension:largeBlob: true, webauthn:virtualAuthenticators: true}
Session ID: 6ae058ede848bd3b317fc472a157b22f
*** Element info: {Using=tag name, value=h1}
at sun.reflect.NativeConstructorAccessorImpl.newInstance0(Native Method)
at sun.reflect.NativeConstructorAccessorImpl.newInstance(NativeConstructorAccessorImpl.java:62)
at sun.reflect.DelegatingConstructorAccessorImpl.newInstance(DelegatingConstructorAccessorImpl.java:45)
at java.lang.reflect.Constructor.newInstance(Constructor.java:423)
at org.openqa.selenium.remote.http.W3CHttpResponseCodec.createException(W3CHttpResponseCodec.java:187)
at org.openqa.selenium.remote.http.W3CHttpResponseCodec.decode(W3CHttpResponseCodec.java:122)
at org.openqa.selenium.remote.http.W3CHttpResponseCodec.decode(W3CHttpResponseCodec.java:49)
at org.openqa.selenium.remote.HttpCommandExecutor.execute(HttpCommandExecutor.java:158)
at org.openqa.selenium.remote.service.DriverCommandExecutor.execute(DriverCommandExecutor.java:83)
at org.openqa.selenium.remote.RemoteWebDriver.execute(RemoteWebDriver.java:552)
at org.openqa.selenium.remote.RemoteWebDriver.findElement(RemoteWebDriver.java:323)
at org.openqa.selenium.remote.RemoteWebDriver.findElementByTagName(RemoteWebDriver.java:396)
at org.openqa.selenium.By$ByTagName.findElement(By.java:320)
at org.openqa.selenium.remote.RemoteWebDriver.findElement(RemoteWebDriver.java:315)
at pages.LoginPage.verifyDashBoardIsDisplayed(LoginPage.java:54)
at tests.LoginTest.login_validUserDetails_tc_04(LoginTest.java:46)
at sun.reflect.NativeMethodAccessorImpl.invoke0(Native Method)
at sun.reflect.NativeMethodAccessorImpl.invoke(NativeMethodAccessorImpl.java:62)
at sun.reflect.DelegatingMethodAccessorImpl.invoke(DelegatingMethodAccessorImpl.java:43)
at java.lang.reflect.Method.invoke(Method.java:498)
at org.testng.internal.MethodInvocationHelper.invokeMethod(MethodInvocationHelper.java:133)
at org.testng.internal.TestInvoker.invokeMethod(TestInvoker.java:584)
at org.testng.internal.TestInvoker.invokeTestMethod(TestInvoker.java:172)
at org.testng.internal.MethodRunner.runInSequence(MethodRunner.java:46)
at org.testng.internal.TestInvoker$MethodInvocationAgent.invoke(TestInvoker.java:804)
at org.testng.internal.TestInvoker.invokeTestMethods(TestInvoker.java:145)
at org.testng.internal.TestMethodWorker.invokeTestMethods(TestMethodWorker.java:146)
at org.testng.internal.TestMethodWorker.run(TestMethodWorker.java:128)
at java.util.ArrayList.forEach(ArrayList.java:1257)
at org.testng.TestRunner.privateRun(TestRunner.java:770)
at org.testng.TestRunner.run(TestRunner.java:591)
at org.testng.SuiteRunner.runTest(SuiteRunner.java:402)
at org.testng.SuiteRunner.runSequentially(SuiteRunner.java:396)
at org.testng.SuiteRunner.privateRun(SuiteRunner.java:355)
at org.testng.SuiteRunner.run(SuiteRunner.java:304)
at org.testng.SuiteRunnerWorker.runSuite(SuiteRunnerWorker.java:53)
at org.testng.SuiteRunnerWorker.run(SuiteRunnerWorker.java:96)
at org.testng.TestNG.runSuitesSequentially(TestNG.java:1180)
at org.testng.TestNG.runSuitesLocally(TestNG.java:1102)
at org.testng.TestNG.runSuites(TestNG.java:1032)
at org.testng.TestNG.run(TestNG.java:1000)
at org.apache.maven.surefire.testng.TestNGExecutor.run(TestNGExecutor.java:295)
at org.apache.maven.surefire.testng.TestNGXmlTestSuite.execute(TestNGXmlTestSuite.java:84)
at org.apache.maven.surefire.testng.TestNGProvider.invoke(TestNGProvider.java:90)
at org.apache.maven.surefire.booter.ForkedBooter.invokeProviderInSameClassLoader(ForkedBooter.java:203)
at org.apache.maven.surefire.booter.ForkedBooter.runSuitesInProcess(ForkedBooter.java:155)
at org.apache.maven.surefire.booter.ForkedBooter.main(ForkedBooter.java:103)
]]>
            </full-stacktrace>
          </exception> <!-- org.openqa.selenium.NoSuchElementException -->
          <reporter-output>
          </reporter-output>
        </test-method> <!-- login_validUserDetails_tc_04 -->
        <test-method status="PASS" signature="delayAfterEachMethod()[pri:0, instance:tests.LoginTest@9629756]" name="delayAfterEachMethod" is-config="true" duration-ms="2011" started-at="2022-04-25T15:17:34 IST" finished-at="2022-04-25T15:17:36 IST">
          <reporter-output>
          </reporter-output>
        </test-method> <!-- delayAfterEachMethod -->
        <test-method status="PASS" signature="closeApp()[pri:0, instance:tests.LoginTest@9629756]" name="closeApp" is-config="true" duration-ms="4156" started-at="2022-04-25T15:17:36 IST" finished-at="2022-04-25T15:17:40 IST">
          <reporter-output>
          </reporter-output>
        </test-method> <!-- closeApp -->
      </class> <!-- tests.LoginTest -->
    </test> <!-- Test -->
  </suite> <!-- Suite -->
</testng-results>
